doc/presentations/ru/kicad_ru_team.pdf is sourceless, erasing it
doc/doc/help/en/Getting_Started_in_KiCad.pdf is sourceless, erasing it
doc/doc/help/ru/Getting_Started_in_KiCad.pdf is sourceless, erasing it
doc/doc/help/file_formats/file_formats.pdf is sourceless, erasing it
doc/doc/help/pl/getting_started_in_kicad.pdf is sourceless, erasing it
doc/doc/contrib/gerber_rs274x_revd_e.pdf is sourceless, erasing it
doc/doc/tutorials/es/KiCad Tutorial.pdf is sourceless, erasing it
doc/doc/tutorials/pl/KiCad-Biblioteki_dla_poczatkujacych.pdf is sourceless, erasing it
Documentation/coding_style_policy.pdf is sourceless, erasing it
pcb_calculator/docs/tracks_width_formulas.pdf is sourceless, erasing it
pcb_calculator/docs/tracks_width_thickness.pdf is sourceless, erasing it
pcb_calculator/docs/NFC93713_English_A1T.pdf is sourceless, erasing it
doc/doc/contrib/gerber_rs274x_revd_e.pdf is sourceless, erasing it
doc/doc/tutorials/es/KiCad Tutorial.pdf is sourceless, erasing it
doc/doc/tutorials/pl/KiCad-Biblioteki_dla_poczatkujacych.pdf is sourceless, erasing it
doc/doc/help/pl/getting_started_in_kicad.pdf is sourceless, erasing it
doc/doc/help/en/Getting_Started_in_KiCad.pdf is sourceless, erasing it
doc/doc/help/ru/Getting_Started_in_KiCad.pdf is sourceless, erasing it
doc/doc/help/file_formats/file_formats.pdf is sourceless, erasing it
doc/presentations/ru/kicad_ru_team.pdf is sourceless, erasing it
Documentation/coding_style_policy.pdf is sourceless, erasing it
pcb_calculator/docs/tracks_width_formulas.pdf is sourceless, erasing it
pcb_calculator/docs/tracks_width_thickness.pdf is sourceless, erasing it
pcb_calculator/docs/NFC93713_English_A1T.pdf is sourceless, erasing it
doc/doc/tutorials/pl/KiCad-Biblioteki_dla_poczatkujacych.pdf is sourceless, erasing it
doc/doc/tutorials/es/KiCad Tutorial.pdf is sourceless, erasing it
doc/doc/help/ru/Getting_Started_in_KiCad.pdf is sourceless, erasing it
doc/doc/help/en/Getting_Started_in_KiCad.pdf is sourceless, erasing it
doc/doc/contrib/gerber_rs274x_revd_e.pdf is sourceless, erasing it
doc/presentations/ru/kicad_ru_team.pdf is sourceless, erasing it
Documentation/coding_style_policy.pdf is sourceless, erasing it
pcb_calculator/docs/tracks_width_thickness.pdf is sourceless, erasing it
pcb_calculator/docs/NFC93713_English_A1T.pdf is sourceless, erasing it
pcb_calculator/docs/tracks_width_formulas.pdf is sourceless, erasing it
